<?xml version="1.0" encoding="UTF-8"?>
<testng-results skipped="0" failed="1" ignored="0" total="10" passed="9">
  <reporter-output>
  </reporter-output>
  <suite name="Go to Google" duration-ms="15876" started-at="2020-06-22T23:56:08 EEST" finished-at="2020-06-22T23:56:24 EEST">
    <groups>
    </groups>
    <test name="Go to Google page test" duration-ms="10027" started-at="2020-06-22T23:56:08 EEST" finished-at="2020-06-22T23:56:18 EEST">
      <class name="GoToGoogleStartPageTest">
        <test-method status="PASS" signature="goToGoogle()[pri:1, instance:GoToGoogleStartPageTest@aecb35a]" name="goToGoogle" duration-ms="9993" started-at="2020-06-22T23:56:08 EEST" finished-at="2020-06-22T23:56:18 EEST">
          <reporter-output>
          </reporter-output>
        </test-method> <!-- goToGoogle -->
      </class> <!-- GoToGoogleStartPageTest -->
    </test> <!-- Go to Google page test -->
    <test name="Go to Ebay page test" duration-ms="5823" started-at="2020-06-22T23:56:18 EEST" finished-at="2020-06-22T23:56:24 EEST">
      <class name="GoToEbayTest">
        <test-method status="PASS" signature="goToEbay()[pri:2, instance:GoToEbayTest@5427c60c]" name="goToEbay" duration-ms="5820" started-at="2020-06-22T23:56:18 EEST" finished-at="2020-06-22T23:56:24 EEST">
          <reporter-output>
          </reporter-output>
        </test-method> <!-- goToEbay -->
      </class> <!-- GoToEbayTest -->
    </test> <!-- Go to Ebay page test -->
  </suite> <!-- Go to Google -->
  <suite name="Calculate tests" duration-ms="8" started-at="2020-06-22T23:56:08 EEST" finished-at="2020-06-22T23:56:08 EEST">
    <groups>
    </groups>
    <test name="Calculate tests" duration-ms="8" started-at="2020-06-22T23:56:08 EEST" finished-at="2020-06-22T23:56:08 EEST">
      <class name="SimpleCalculateTests">
        <test-method status="PASS" signature="calculateTest2()[pri:2, instance:SimpleCalculateTests@6d3af739]" name="calculateTest2" duration-ms="2" started-at="2020-06-22T23:56:08 EEST" finished-at="2020-06-22T23:56:08 EEST">
          <reporter-output>
          </reporter-output>
        </test-method> <!-- calculateTest2 -->
        <test-method status="PASS" signature="calculateTest1()[pri:1, instance:SimpleCalculateTests@6d3af739]" name="calculateTest1" duration-ms="2" started-at="2020-06-22T23:56:08 EEST" finished-at="2020-06-22T23:56:08 EEST">
          <reporter-output>
          </reporter-output>
        </test-method> <!-- calculateTest1 -->
        <test-method status="FAIL" signature="calculateTest3()[pri:3, instance:SimpleCalculateTests@6d3af739]" name="calculateTest3" duration-ms="1" started-at="2020-06-22T23:56:08 EEST" finished-at="2020-06-22T23:56:08 EEST">
          <exception class="java.lang.AssertionError">
            <message>
              <![CDATA[expected [8] but found [12]]]>
            </message>
            <full-stacktrace>
              <![CDATA[java.lang.AssertionError: expected [8] but found [12]
at org.testng.Assert.fail(Assert.java:97)
at org.testng.Assert.assertEqualsImpl(Assert.java:136)
at org.testng.Assert.assertEquals(Assert.java:118)
at org.testng.Assert.assertEquals(Assert.java:839)
at org.testng.Assert.assertEquals(Assert.java:849)
at SimpleCalculateTests.calculateTest3(SimpleCalculateTests.java:30)
at sun.reflect.NativeMethodAccessorImpl.invoke0(Native Method)
at sun.reflect.NativeMethodAccessorImpl.invoke(NativeMethodAccessorImpl.java:62)
at sun.reflect.DelegatingMethodAccessorImpl.invoke(DelegatingMethodAccessorImpl.java:43)
at java.lang.reflect.Method.invoke(Method.java:498)
at org.testng.internal.MethodInvocationHelper.invokeMethod(MethodInvocationHelper.java:134)
at org.testng.internal.TestInvoker.invokeMethod(TestInvoker.java:597)
at org.testng.internal.TestInvoker.invokeTestMethod(TestInvoker.java:173)
at org.testng.internal.MethodRunner.runInSequence(MethodRunner.java:46)
at org.testng.internal.TestInvoker$MethodInvocationAgent.invoke(TestInvoker.java:816)
at org.testng.internal.TestInvoker.invokeTestMethods(TestInvoker.java:146)
at org.testng.internal.TestMethodWorker.invokeTestMethods(TestMethodWorker.java:146)
at org.testng.internal.TestMethodWorker.run(TestMethodWorker.java:128)
at java.util.concurrent.ThreadPoolExecutor.runWorker(ThreadPoolExecutor.java:1149)
at java.util.concurrent.ThreadPoolExecutor$Worker.run(ThreadPoolExecutor.java:624)
at java.lang.Thread.run(Thread.java:748)
]]>
            </full-stacktrace>
          </exception> <!-- java.lang.AssertionError -->
          <reporter-output>
          </reporter-output>
        </test-method> <!-- calculateTest3 -->
        <test-method status="PASS" signature="calculateTest4()[pri:4, instance:SimpleCalculateTests@6d3af739]" name="calculateTest4" duration-ms="1" started-at="2020-06-22T23:56:08 EEST" finished-at="2020-06-22T23:56:08 EEST">
          <reporter-output>
          </reporter-output>
        </test-method> <!-- calculateTest4 -->
        <test-method status="PASS" signature="calculateTest5()[pri:5, instance:SimpleCalculateTests@6d3af739]" name="calculateTest5" duration-ms="0" started-at="2020-06-22T23:56:08 EEST" finished-at="2020-06-22T23:56:08 EEST">
          <reporter-output>
          </reporter-output>
        </test-method> <!-- calculateTest5 -->
      </class> <!-- SimpleCalculateTests -->
    </test> <!-- Calculate tests -->
  </suite> <!-- Calculate tests -->
  <suite name="Simple tests" duration-ms="51" started-at="2020-06-22T23:56:08 EEST" finished-at="2020-06-22T23:56:08 EEST">
    <groups>
    </groups>
    <test name="Simple tests" duration-ms="51" started-at="2020-06-22T23:56:08 EEST" finished-at="2020-06-22T23:56:08 EEST">
      <class name="SimpleTests">
        <test-method status="PASS" signature="test_check1()[pri:1, instance:SimpleTests@545997b1]" name="test_check1" duration-ms="5" started-at="2020-06-22T23:56:08 EEST" finished-at="2020-06-22T23:56:08 EEST">
          <reporter-output>
          </reporter-output>
        </test-method> <!-- test_check1 -->
        <test-method status="PASS" signature="test_check2()[pri:2, instance:SimpleTests@545997b1]" name="test_check2" duration-ms="5" started-at="2020-06-22T23:56:08 EEST" finished-at="2020-06-22T23:56:08 EEST">
          <reporter-output>
          </reporter-output>
        </test-method> <!-- test_check2 -->
        <test-method status="PASS" signature="test_check3()[pri:3, instance:SimpleTests@545997b1]" name="test_check3" duration-ms="0" started-at="2020-06-22T23:56:08 EEST" finished-at="2020-06-22T23:56:08 EEST">
          <reporter-output>
          </reporter-output>
        </test-method> <!-- test_check3 -->
      </class> <!-- SimpleTests -->
    </test> <!-- Simple tests -->
  </suite> <!-- Simple tests -->
</testng-results>
